<?xml version="1.0" encoding="UTF-8"?>
<testng-results skipped="0" failed="0" ignored="0" total="1" passed="1">
  <reporter-output>
  </reporter-output>
  <suite name="Default suite" duration-ms="21513" started-at="2018-06-04T17:29:36Z" finished-at="2018-06-04T17:29:58Z">
    <groups>
    </groups>
    <test name="Default test" duration-ms="21513" started-at="2018-06-04T17:29:36Z" finished-at="2018-06-04T17:29:58Z">
      <class name="com.AAA.Testcase.Testcase2">
        <test-method status="PASS" signature="Setup()[pri:0, instance:com.AAA.Testcase.Testcase2@3532ec19]" name="Setup" is-config="true" duration-ms="5771" started-at="2018-06-04T22:59:30Z" finished-at="2018-06-04T22:59:36Z">
          <reporter-output>
          </reporter-output>
        </test-method> <!-- Setup -->
        <test-method status="PASS" signature="TestCase1()[pri:0, instance:com.AAA.Testcase.Testcase2@3532ec19]" name="TestCase1" duration-ms="21478" started-at="2018-06-04T22:59:36Z" finished-at="2018-06-04T22:59:58Z">
          <reporter-output>
          </reporter-output>
        </test-method> <!-- TestCase1 -->
        <test-method status="PASS" signature="TearDown()[pri:0, instance:com.AAA.Testcase.Testcase2@3532ec19]" name="TearDown" is-config="true" duration-ms="1394" started-at="2018-06-04T22:59:58Z" finished-at="2018-06-04T22:59:59Z">
          <reporter-output>
          </reporter-output>
        </test-method> <!-- TearDown -->
      </class> <!-- com.AAA.Testcase.Testcase2 -->
    </test> <!-- Default test -->
  </suite> <!-- Default suite -->
</testng-results>
